<?xml version="1.0" encoding="utf-8"?>
<testsuites>
    <testsuite name="pytest" errors="0" failures="0" skipped="0" tests="5" time="60.821" timestamp="2023-06-02T16:33:21.680481" hostname="addweb-Latitude-E6430">
        <testcase classname="Login with validation in pytest.clock_in_test" name="test_enter_valid_credential" time="7.779" />
        <testcase classname="Login with validation in pytest.clock_in_test" name="test_Click_on_Clockin" time="10.264" />
        <testcase classname="Login with validation in pytest.clock_in_test" name="test_Verify_Clockin_time_and_Get_username" time="5.082" />
        <testcase classname="Login with validation in pytest.clock_in_test" name="test_Verify_clockin_and_attendance" time="21.043" />
        <testcase classname="Login with validation in pytest.clock_in_test" name="test_Clock_out" time="16.612" />
    </testsuite>
</testsuites>